2025-07-02 12:15:42.941 [main] INFO  com.example.pekko.App - Starting FxRate Kafka to Redis/ORMultiMap streaming application with HTTP server
2025-07-02 12:15:43.194 [FxRateProcessor-pekko.actor.default-dispatcher-3] INFO  o.a.pekko.event.slf4j.Slf4jLogger - Slf4jLogger started
2025-07-02 12:15:43.348 [FxRateProcessor-pekko.actor.default-dispatcher-3] INFO  o.a.p.remote.artery.ArteryTransport - Remoting started with transport [Artery tcp]; listening on address [pekko://FxRateProcessor@127.0.0.1:25520] with UID [544705420047329194]
2025-07-02 12:15:43.354 [FxRateProcessor-pekko.actor.default-dispatcher-3] INFO  org.apache.pekko.cluster.Cluster - Cluster Node [pekko://FxRateProcessor@127.0.0.1:25520] - Starting up, Pekko version [1.1.4] ...
2025-07-02 12:15:43.420 [FxRateProcessor-pekko.actor.default-dispatcher-3] INFO  org.apache.pekko.cluster.Cluster - Cluster Node [pekko://FxRateProcessor@127.0.0.1:25520] - Registered cluster JMX MBean [pekko:type=Cluster]
2025-07-02 12:15:43.420 [FxRateProcessor-pekko.actor.default-dispatcher-3] INFO  org.apache.pekko.cluster.Cluster - Cluster Node [pekko://FxRateProcessor@127.0.0.1:25520] - Started up successfully
2025-07-02 12:15:43.440 [FxRateProcessor-pekko.actor.default-dispatcher-3] INFO  org.apache.pekko.cluster.Cluster - Cluster Node [pekko://FxRateProcessor@127.0.0.1:25520] - No downing-provider-class configured, manual cluster downing required, see https://pekko.apache.org/docs/pekko/current/typed/cluster.html#downing
2025-07-02 12:15:43.445 [FxRateProcessor-pekko.actor.default-dispatcher-3] INFO  org.apache.pekko.cluster.Cluster - Cluster Node [pekko://FxRateProcessor@127.0.0.1:25520] - Node [pekko://FxRateProcessor@127.0.0.1:25520] is JOINING itself (with roles [dc-default], version [0.0.0]) and forming new cluster
2025-07-02 12:15:43.445 [FxRateProcessor-pekko.actor.default-dispatcher-3] INFO  org.apache.pekko.cluster.Cluster - Cluster Node [pekko://FxRateProcessor@127.0.0.1:25520] - is the new leader among reachable nodes (more leaders may exist)
2025-07-02 12:15:43.449 [FxRateProcessor-pekko.actor.default-dispatcher-3] INFO  org.apache.pekko.cluster.Cluster - Cluster Node [pekko://FxRateProcessor@127.0.0.1:25520] - Leader is moving node [pekko://FxRateProcessor@127.0.0.1:25520] to [Up]
2025-07-02 12:15:43.606 [FxRateProcessor-pekko.actor.default-dispatcher-5] INFO  com.example.pekko.FxRateStorage - FxRateStorage actor started with in-memory storage and subscription support
2025-07-02 12:15:43.814 [ForkJoinPool.commonPool-worker-1] ERROR com.example.pekko.RedisPublisher - Failed to load FxRates from Redis
io.lettuce.core.RedisConnectionException: Unable to connect to localhost/<unresolved>:6379
	at io.lettuce.core.RedisConnectionException.create(RedisConnectionException.java:78)
	at io.lettuce.core.RedisConnectionException.create(RedisConnectionException.java:56)
	at io.lettuce.core.AbstractRedisClient.getConnection(AbstractRedisClient.java:350)
	at io.lettuce.core.RedisClient.connect(RedisClient.java:215)
	at io.lettuce.core.RedisClient.connect(RedisClient.java:200)
	at com.example.pekko.RedisPublisher.lambda$createConnectionPool$0(RedisPublisher.java:52)
	at io.lettuce.core.support.ConnectionPoolSupport$RedisPooledObjectFactory.create(ConnectionPoolSupport.java:211)
	at io.lettuce.core.support.ConnectionPoolSupport$RedisPooledObjectFactory.create(ConnectionPoolSupport.java:201)
	at org.apache.commons.pool2.BasePooledObjectFactory.makeObject(BasePooledObjectFactory.java:71)
	at org.apache.commons.pool2.impl.GenericObjectPool.create(GenericObjectPool.java:566)
	at org.apache.commons.pool2.impl.GenericObjectPool.borrowObject(GenericObjectPool.java:306)
	at org.apache.commons.pool2.impl.GenericObjectPool.borrowObject(GenericObjectPool.java:233)
	at io.lettuce.core.support.ConnectionPoolSupport$1.borrowObject(ConnectionPoolSupport.java:121)
	at io.lettuce.core.support.ConnectionPoolSupport$1.borrowObject(ConnectionPoolSupport.java:117)
	at com.example.pekko.RedisPublisher.lambda$loadAllFxRates$4(RedisPublisher.java:111)
	at java.base/java.util.concurrent.CompletableFuture$AsyncSupply.run(CompletableFuture.java:1768)
	at java.base/java.util.concurrent.CompletableFuture$AsyncSupply.exec(CompletableFuture.java:1760)
	at java.base/java.util.concurrent.ForkJoinTask.doExec(ForkJoinTask.java:387)
	at java.base/java.util.concurrent.ForkJoinPool$WorkQueue.topLevelExec(ForkJoinPool.java:1312)
	at java.base/java.util.concurrent.ForkJoinPool.scan(ForkJoinPool.java:1843)
	at java.base/java.util.concurrent.ForkJoinPool.runWorker(ForkJoinPool.java:1808)
	at java.base/java.util.concurrent.ForkJoinWorkerThread.run(ForkJoinWorkerThread.java:188)
Caused by: io.netty.channel.AbstractChannel$AnnotatedConnectException: Connection refused: localhost/127.0.0.1:6379
Caused by: java.net.ConnectException: Connection refused
	at java.base/sun.nio.ch.Net.pollConnect(Native Method)
	at java.base/sun.nio.ch.Net.pollConnectNow(Net.java:682)
	at java.base/sun.nio.ch.SocketChannelImpl.finishConnect(SocketChannelImpl.java:973)
	at io.netty.channel.socket.nio.NioSocketChannel.doFinishConnect(NioSocketChannel.java:337)
	at io.netty.channel.nio.AbstractNioChannel$AbstractNioUnsafe.finishConnect(AbstractNioChannel.java:335)
	at io.netty.channel.nio.NioEventLoop.processSelectedKey(NioEventLoop.java:776)
	at io.netty.channel.nio.NioEventLoop.processSelectedKeysOptimized(NioEventLoop.java:724)
	at io.netty.channel.nio.NioEventLoop.processSelectedKeys(NioEventLoop.java:650)
	at io.netty.channel.nio.NioEventLoop.run(NioEventLoop.java:562)
	at io.netty.util.concurrent.SingleThreadEventExecutor$4.run(SingleThreadEventExecutor.java:997)
	at io.netty.util.internal.ThreadExecutorMap$2.run(ThreadExecutorMap.java:74)
	at io.netty.util.concurrent.FastThreadLocalRunnable.run(FastThreadLocalRunnable.java:30)
	at java.base/java.lang.Thread.run(Thread.java:1583)
2025-07-02 12:15:43.815 [main] ERROR com.example.pekko.App - Failed to rehydrate fxRateStorage from Redis, exiting
java.util.concurrent.ExecutionException: java.lang.RuntimeException: Redis loadAllFxRates failed
	at java.base/java.util.concurrent.CompletableFuture.reportGet(CompletableFuture.java:396)
	at java.base/java.util.concurrent.CompletableFuture.get(CompletableFuture.java:2096)
	at com.example.pekko.App.main(App.java:36)
Caused by: java.lang.RuntimeException: Redis loadAllFxRates failed
	at com.example.pekko.RedisPublisher.lambda$loadAllFxRates$4(RedisPublisher.java:135)
	at java.base/java.util.concurrent.CompletableFuture$AsyncSupply.run(CompletableFuture.java:1768)
	at java.base/java.util.concurrent.CompletableFuture$AsyncSupply.exec(CompletableFuture.java:1760)
	at java.base/java.util.concurrent.ForkJoinTask.doExec(ForkJoinTask.java:387)
	at java.base/java.util.concurrent.ForkJoinPool$WorkQueue.topLevelExec(ForkJoinPool.java:1312)
	at java.base/java.util.concurrent.ForkJoinPool.scan(ForkJoinPool.java:1843)
	at java.base/java.util.concurrent.ForkJoinPool.runWorker(ForkJoinPool.java:1808)
	at java.base/java.util.concurrent.ForkJoinWorkerThread.run(ForkJoinWorkerThread.java:188)
Caused by: io.lettuce.core.RedisConnectionException: Unable to connect to localhost/<unresolved>:6379
	at io.lettuce.core.RedisConnectionException.create(RedisConnectionException.java:78)
	at io.lettuce.core.RedisConnectionException.create(RedisConnectionException.java:56)
	at io.lettuce.core.AbstractRedisClient.getConnection(AbstractRedisClient.java:350)
	at io.lettuce.core.RedisClient.connect(RedisClient.java:215)
	at io.lettuce.core.RedisClient.connect(RedisClient.java:200)
	at com.example.pekko.RedisPublisher.lambda$createConnectionPool$0(RedisPublisher.java:52)
	at io.lettuce.core.support.ConnectionPoolSupport$RedisPooledObjectFactory.create(ConnectionPoolSupport.java:211)
	at io.lettuce.core.support.ConnectionPoolSupport$RedisPooledObjectFactory.create(ConnectionPoolSupport.java:201)
	at org.apache.commons.pool2.BasePooledObjectFactory.makeObject(BasePooledObjectFactory.java:71)
	at org.apache.commons.pool2.impl.GenericObjectPool.create(GenericObjectPool.java:566)
	at org.apache.commons.pool2.impl.GenericObjectPool.borrowObject(GenericObjectPool.java:306)
	at org.apache.commons.pool2.impl.GenericObjectPool.borrowObject(GenericObjectPool.java:233)
	at io.lettuce.core.support.ConnectionPoolSupport$1.borrowObject(ConnectionPoolSupport.java:121)
	at io.lettuce.core.support.ConnectionPoolSupport$1.borrowObject(ConnectionPoolSupport.java:117)
	at com.example.pekko.RedisPublisher.lambda$loadAllFxRates$4(RedisPublisher.java:111)
	... 7 common frames omitted
Caused by: io.netty.channel.AbstractChannel$AnnotatedConnectException: Connection refused: localhost/127.0.0.1:6379
Caused by: java.net.ConnectException: Connection refused
	at java.base/sun.nio.ch.Net.pollConnect(Native Method)
	at java.base/sun.nio.ch.Net.pollConnectNow(Net.java:682)
	at java.base/sun.nio.ch.SocketChannelImpl.finishConnect(SocketChannelImpl.java:973)
	at io.netty.channel.socket.nio.NioSocketChannel.doFinishConnect(NioSocketChannel.java:337)
	at io.netty.channel.nio.AbstractNioChannel$AbstractNioUnsafe.finishConnect(AbstractNioChannel.java:335)
	at io.netty.channel.nio.NioEventLoop.processSelectedKey(NioEventLoop.java:776)
	at io.netty.channel.nio.NioEventLoop.processSelectedKeysOptimized(NioEventLoop.java:724)
	at io.netty.channel.nio.NioEventLoop.processSelectedKeys(NioEventLoop.java:650)
	at io.netty.channel.nio.NioEventLoop.run(NioEventLoop.java:562)
	at io.netty.util.concurrent.SingleThreadEventExecutor$4.run(SingleThreadEventExecutor.java:997)
	at io.netty.util.internal.ThreadExecutorMap$2.run(ThreadExecutorMap.java:74)
	at io.netty.util.concurrent.FastThreadLocalRunnable.run(FastThreadLocalRunnable.java:30)
	at java.base/java.lang.Thread.run(Thread.java:1583)
2025-07-02 12:15:43.816 [FxRateProcessor-pekko.actor.default-dispatcher-3] INFO  o.a.pekko.actor.CoordinatedShutdown - Running CoordinatedShutdown with reason [ActorSystemTerminateReason]
2025-07-02 12:15:43.818 [FxRateProcessor-pekko.actor.default-dispatcher-3] INFO  org.apache.pekko.cluster.Cluster - Cluster Node [pekko://FxRateProcessor@127.0.0.1:25520] - Marked address [pekko://FxRateProcessor@127.0.0.1:25520] as [Leaving]
2025-07-02 12:15:44.460 [FxRateProcessor-pekko.actor.default-dispatcher-3] INFO  org.apache.pekko.cluster.Cluster - Cluster Node [pekko://FxRateProcessor@127.0.0.1:25520] - Leader is moving node [pekko://FxRateProcessor@127.0.0.1:25520] to [Exiting]
2025-07-02 12:15:44.461 [FxRateProcessor-pekko.actor.default-dispatcher-3] INFO  org.apache.pekko.cluster.Cluster - Cluster Node [pekko://FxRateProcessor@127.0.0.1:25520] - Exiting completed
2025-07-02 12:15:44.462 [FxRateProcessor-pekko.actor.default-dispatcher-3] INFO  org.apache.pekko.cluster.Cluster - Cluster Node [pekko://FxRateProcessor@127.0.0.1:25520] - Shutting down...
2025-07-02 12:15:44.462 [FxRateProcessor-pekko.actor.default-dispatcher-3] INFO  org.apache.pekko.cluster.Cluster - Cluster Node [pekko://FxRateProcessor@127.0.0.1:25520] - Successfully shut down
2025-07-02 12:15:44.466 [FxRateProcessor-pekko.actor.default-dispatcher-5] INFO  o.a.p.r.RemoteActorRefProvider$RemotingTerminator - Shutting down remote daemon.
2025-07-02 12:15:44.467 [FxRateProcessor-pekko.actor.default-dispatcher-5] INFO  o.a.p.r.RemoteActorRefProvider$RemotingTerminator - Remote daemon shut down; proceeding with flushing remote transports.
2025-07-02 12:15:44.472 [FxRateProcessor-pekko.actor.default-dispatcher-5] INFO  o.a.p.r.RemoteActorRefProvider$RemotingTerminator - Remoting shut down.
2025-07-02 12:16:22.003 [main] INFO  com.example.pekko.App - Starting FxRate Kafka to Redis/ORMultiMap streaming application with HTTP server
2025-07-02 12:16:22.279 [FxRateProcessor-pekko.actor.default-dispatcher-3] INFO  o.a.pekko.event.slf4j.Slf4jLogger - Slf4jLogger started
2025-07-02 12:16:22.424 [FxRateProcessor-pekko.actor.default-dispatcher-3] INFO  o.a.p.remote.artery.ArteryTransport - Remoting started with transport [Artery tcp]; listening on address [pekko://FxRateProcessor@127.0.0.1:25520] with UID [4940452822347494404]
2025-07-02 12:16:22.429 [FxRateProcessor-pekko.actor.default-dispatcher-3] INFO  org.apache.pekko.cluster.Cluster - Cluster Node [pekko://FxRateProcessor@127.0.0.1:25520] - Starting up, Pekko version [1.1.4] ...
2025-07-02 12:16:22.493 [FxRateProcessor-pekko.actor.default-dispatcher-3] INFO  org.apache.pekko.cluster.Cluster - Cluster Node [pekko://FxRateProcessor@127.0.0.1:25520] - Registered cluster JMX MBean [pekko:type=Cluster]
2025-07-02 12:16:22.493 [FxRateProcessor-pekko.actor.default-dispatcher-3] INFO  org.apache.pekko.cluster.Cluster - Cluster Node [pekko://FxRateProcessor@127.0.0.1:25520] - Started up successfully
2025-07-02 12:16:22.511 [FxRateProcessor-pekko.actor.default-dispatcher-5] INFO  org.apache.pekko.cluster.Cluster - Cluster Node [pekko://FxRateProcessor@127.0.0.1:25520] - No downing-provider-class configured, manual cluster downing required, see https://pekko.apache.org/docs/pekko/current/typed/cluster.html#downing
2025-07-02 12:16:22.515 [FxRateProcessor-pekko.actor.default-dispatcher-5] INFO  org.apache.pekko.cluster.Cluster - Cluster Node [pekko://FxRateProcessor@127.0.0.1:25520] - Node [pekko://FxRateProcessor@127.0.0.1:25520] is JOINING itself (with roles [dc-default], version [0.0.0]) and forming new cluster
2025-07-02 12:16:22.516 [FxRateProcessor-pekko.actor.default-dispatcher-5] INFO  org.apache.pekko.cluster.Cluster - Cluster Node [pekko://FxRateProcessor@127.0.0.1:25520] - is the new leader among reachable nodes (more leaders may exist)
2025-07-02 12:16:22.518 [FxRateProcessor-pekko.actor.default-dispatcher-5] INFO  org.apache.pekko.cluster.Cluster - Cluster Node [pekko://FxRateProcessor@127.0.0.1:25520] - Leader is moving node [pekko://FxRateProcessor@127.0.0.1:25520] to [Up]
2025-07-02 12:16:22.680 [FxRateProcessor-pekko.actor.default-dispatcher-3] INFO  com.example.pekko.FxRateStorage - FxRateStorage actor started with in-memory storage and subscription support
2025-07-02 12:16:22.934 [main] INFO  com.example.pekko.App - Rehydrated 0 FX rates from Redis
2025-07-02 12:16:22.936 [FxRateProcessor-pekko.actor.default-dispatcher-5] INFO  com.example.pekko.FxRateHttpServer - FxRateHttpServer actor started
2025-07-02 12:16:23.020 [main] INFO  com.example.pekko.FxRateGrpcServer - gRPC server started, listening on port 50051
2025-07-02 12:16:23.037 [main] INFO  i.c.k.s.KafkaAvroDeserializerConfig - KafkaAvroDeserializerConfig values: 
	auto.register.schemas = true
	avro.reflection.allow.null = false
	avro.use.logical.type.converters = false
	basic.auth.credentials.source = URL
	basic.auth.user.info = [hidden]
	bearer.auth.cache.expiry.buffer.seconds = 300
	bearer.auth.client.id = null
	bearer.auth.client.secret = null
	bearer.auth.credentials.source = STATIC_TOKEN
	bearer.auth.custom.provider.class = null
	bearer.auth.identity.pool.id = null
	bearer.auth.issuer.endpoint.url = null
	bearer.auth.logical.cluster = null
	bearer.auth.scope = null
	bearer.auth.scope.claim.name = scope
	bearer.auth.sub.claim.name = sub
	bearer.auth.token = [hidden]
	context.name.strategy = class io.confluent.kafka.serializers.context.NullContextNameStrategy
	http.connect.timeout.ms = 60000
	http.read.timeout.ms = 60000
	id.compatibility.strict = true
	key.subject.name.strategy = class io.confluent.kafka.serializers.subject.TopicNameStrategy
	latest.cache.size = 1000
	latest.cache.ttl.sec = -1
	latest.compatibility.strict = true
	max.schemas.per.subject = 1000
	normalize.schemas = false
	propagate.schema.tags = false
	proxy.host = 
	proxy.port = -1
	rule.actions = []
	rule.executors = []
	rule.service.loader.enable = true
	schema.format = null
	schema.reflection = false
	schema.registry.basic.auth.user.info = [hidden]
	schema.registry.ssl.cipher.suites = null
	schema.registry.ssl.enabled.protocols = [TLSv1.2, TLSv1.3]
	schema.registry.ssl.endpoint.identification.algorithm = https
	schema.registry.ssl.engine.factory.class = null
	schema.registry.ssl.key.password = null
	schema.registry.ssl.keymanager.algorithm = SunX509
	schema.registry.ssl.keystore.certificate.chain = null
	schema.registry.ssl.keystore.key = null
	schema.registry.ssl.keystore.location = null
	schema.registry.ssl.keystore.password = null
	schema.registry.ssl.keystore.type = JKS
	schema.registry.ssl.protocol = TLSv1.3
	schema.registry.ssl.provider = null
	schema.registry.ssl.secure.random.implementation = null
	schema.registry.ssl.trustmanager.algorithm = PKIX
	schema.registry.ssl.truststore.certificates = null
	schema.registry.ssl.truststore.location = null
	schema.registry.ssl.truststore.password = null
	schema.registry.ssl.truststore.type = JKS
	schema.registry.url = [http://localhost:8081]
	specific.avro.key.type = null
	specific.avro.reader = true
	specific.avro.value.type = null
	use.latest.version = false
	use.latest.with.metadata = null
	use.schema.id = -1
	value.subject.name.strategy = class io.confluent.kafka.serializers.subject.TopicNameStrategy

2025-07-02 12:16:23.037 [main] INFO  i.c.k.s.KafkaAvroDeserializerConfig - KafkaAvroDeserializerConfig values: 
	auto.register.schemas = true
	avro.reflection.allow.null = false
	avro.use.logical.type.converters = false
	basic.auth.credentials.source = URL
	basic.auth.user.info = [hidden]
	bearer.auth.cache.expiry.buffer.seconds = 300
	bearer.auth.client.id = null
	bearer.auth.client.secret = null
	bearer.auth.credentials.source = STATIC_TOKEN
	bearer.auth.custom.provider.class = null
	bearer.auth.identity.pool.id = null
	bearer.auth.issuer.endpoint.url = null
	bearer.auth.logical.cluster = null
	bearer.auth.scope = null
	bearer.auth.scope.claim.name = scope
	bearer.auth.sub.claim.name = sub
	bearer.auth.token = [hidden]
	context.name.strategy = class io.confluent.kafka.serializers.context.NullContextNameStrategy
	http.connect.timeout.ms = 60000
	http.read.timeout.ms = 60000
	id.compatibility.strict = true
	key.subject.name.strategy = class io.confluent.kafka.serializers.subject.TopicNameStrategy
	latest.cache.size = 1000
	latest.cache.ttl.sec = -1
	latest.compatibility.strict = true
	max.schemas.per.subject = 1000
	normalize.schemas = false
	propagate.schema.tags = false
	proxy.host = 
	proxy.port = -1
	rule.actions = []
	rule.executors = []
	rule.service.loader.enable = true
	schema.format = null
	schema.reflection = false
	schema.registry.basic.auth.user.info = [hidden]
	schema.registry.ssl.cipher.suites = null
	schema.registry.ssl.enabled.protocols = [TLSv1.2, TLSv1.3]
	schema.registry.ssl.endpoint.identification.algorithm = https
	schema.registry.ssl.engine.factory.class = null
	schema.registry.ssl.key.password = null
	schema.registry.ssl.keymanager.algorithm = SunX509
	schema.registry.ssl.keystore.certificate.chain = null
	schema.registry.ssl.keystore.key = null
	schema.registry.ssl.keystore.location = null
	schema.registry.ssl.keystore.password = null
	schema.registry.ssl.keystore.type = JKS
	schema.registry.ssl.protocol = TLSv1.3
	schema.registry.ssl.provider = null
	schema.registry.ssl.secure.random.implementation = null
	schema.registry.ssl.trustmanager.algorithm = PKIX
	schema.registry.ssl.truststore.certificates = null
	schema.registry.ssl.truststore.location = null
	schema.registry.ssl.truststore.password = null
	schema.registry.ssl.truststore.type = JKS
	schema.registry.url = [http://localhost:8081]
	specific.avro.key.type = null
	specific.avro.reader = true
	specific.avro.value.type = null
	use.latest.version = false
	use.latest.with.metadata = null
	use.schema.id = -1
	value.subject.name.strategy = class io.confluent.kafka.serializers.subject.TopicNameStrategy

2025-07-02 12:16:23.108 [main] INFO  c.e.pekko.FxRateStreamProcessor - Starting FxRate stream processing from Kafka topic 'fx-rates'
2025-07-02 12:16:23.123 [main] INFO  com.example.pekko.App - FxRate application started successfully
2025-07-02 12:16:23.123 [main] INFO  com.example.pekko.App - HTTP server available at: http://localhost:8080
2025-07-02 12:16:23.123 [main] INFO  com.example.pekko.App - gRPC streaming endpoint available at port 50051
2025-07-02 12:16:23.123 [main] INFO  com.example.pekko.App - REST API: http://localhost:8080/api/fxrates
2025-07-02 12:16:23.123 [main] INFO  com.example.pekko.App - Health check: http://localhost:8080/health
2025-07-02 12:16:23.125 [FxRateProcessor-pekko.actor.default-dispatcher-16] INFO  o.a.p.k.internal.SingleSourceLogic - [6bef1] Starting. StageActor Actor[pekko://FxRateProcessor/system/Materializers/StreamSupervisor-0/$$a#1637977425]
2025-07-02 12:16:23.128 [ForkJoinPool.commonPool-worker-1] INFO  com.example.pekko.FxRateHttpServer - FxRate HTTP server started at localhost:8080
2025-07-02 12:16:23.351 [FxRateProcessor-pekko.kafka.default-dispatcher-20] WARN  o.apache.kafka.clients.NetworkClient - [Consumer clientId=consumer-fx-rate-processor-1, groupId=fx-rate-processor] Bootstrap broker localhost:9092 (id: -1 rack: null) disconnected
2025-07-02 12:16:23.419 [FxRateProcessor-pekko.kafka.default-dispatcher-22] WARN  o.apache.kafka.clients.NetworkClient - [Consumer clientId=consumer-fx-rate-processor-1, groupId=fx-rate-processor] Bootstrap broker localhost:9092 (id: -1 rack: null) disconnected
2025-07-02 12:16:23.631 [FxRateProcessor-pekko.kafka.default-dispatcher-30] WARN  o.apache.kafka.clients.NetworkClient - [Consumer clientId=consumer-fx-rate-processor-1, groupId=fx-rate-processor] Bootstrap broker localhost:9092 (id: -1 rack: null) disconnected
2025-07-02 12:16:23.909 [FxRateProcessor-pekko.kafka.default-dispatcher-19] WARN  o.apache.kafka.clients.NetworkClient - [Consumer clientId=consumer-fx-rate-processor-1, groupId=fx-rate-processor] Bootstrap broker localhost:9092 (id: -1 rack: null) disconnected
2025-07-02 12:16:24.402 [FxRateProcessor-pekko.kafka.default-dispatcher-18] WARN  o.apache.kafka.clients.NetworkClient - [Consumer clientId=consumer-fx-rate-processor-1, groupId=fx-rate-processor] Bootstrap broker localhost:9092 (id: -1 rack: null) disconnected
2025-07-02 12:16:25.379 [FxRateProcessor-pekko.kafka.default-dispatcher-31] WARN  o.apache.kafka.clients.NetworkClient - [Consumer clientId=consumer-fx-rate-processor-1, groupId=fx-rate-processor] Bootstrap broker localhost:9092 (id: -1 rack: null) disconnected
2025-07-02 12:16:26.359 [FxRateProcessor-pekko.kafka.default-dispatcher-27] WARN  o.apache.kafka.clients.NetworkClient - [Consumer clientId=consumer-fx-rate-processor-1, groupId=fx-rate-processor] Bootstrap broker localhost:9092 (id: -1 rack: null) disconnected
2025-07-02 12:16:27.120 [FxRateProcessor-pekko.actor.default-dispatcher-16] INFO  com.example.pekko.FxRateStorage - Added WebSocket subscriber. Total subscribers: 1
2025-07-02 12:16:27.337 [FxRateProcessor-pekko.kafka.default-dispatcher-22] WARN  o.apache.kafka.clients.NetworkClient - [Consumer clientId=consumer-fx-rate-processor-1, groupId=fx-rate-processor] Bootstrap broker localhost:9092 (id: -1 rack: null) disconnected
2025-07-02 12:16:28.181 [FxRateProcessor-pekko.kafka.default-dispatcher-31] WARN  o.apache.kafka.clients.NetworkClient - [Consumer clientId=consumer-fx-rate-processor-1, groupId=fx-rate-processor] Bootstrap broker localhost:9092 (id: -1 rack: null) disconnected
2025-07-02 12:16:29.231 [FxRateProcessor-pekko.kafka.default-dispatcher-30] WARN  o.apache.kafka.clients.NetworkClient - [Consumer clientId=consumer-fx-rate-processor-1, groupId=fx-rate-processor] Bootstrap broker localhost:9092 (id: -1 rack: null) disconnected
2025-07-02 12:16:30.279 [FxRateProcessor-pekko.kafka.default-dispatcher-27] WARN  o.apache.kafka.clients.NetworkClient - [Consumer clientId=consumer-fx-rate-processor-1, groupId=fx-rate-processor] Bootstrap broker localhost:9092 (id: -1 rack: null) disconnected
2025-07-02 12:16:31.192 [FxRateProcessor-pekko.kafka.default-dispatcher-19] WARN  o.apache.kafka.clients.NetworkClient - [Consumer clientId=consumer-fx-rate-processor-1, groupId=fx-rate-processor] Bootstrap broker localhost:9092 (id: -1 rack: null) disconnected
2025-07-02 12:16:32.310 [FxRateProcessor-pekko.kafka.default-dispatcher-19] WARN  o.apache.kafka.clients.NetworkClient - [Consumer clientId=consumer-fx-rate-processor-1, groupId=fx-rate-processor] Bootstrap broker localhost:9092 (id: -1 rack: null) disconnected
2025-07-02 12:21:33.721 [FxRateProcessor-pekko.kafka.default-dispatcher-34] WARN  org.apache.avro.Schema - Ignored the com.example.pekko.model.FxRate.timestamp.logicalType property ("timestamp-millis"). It should probably be nested inside the "type" for the field.
2025-07-02 12:21:33.736 [FxRateProcessor-pekko.kafka.default-dispatcher-34] WARN  org.apache.avro.Schema - Ignored the com.example.pekko.model.FxRate.timestamp.logicalType property ("timestamp-millis"). It should probably be nested inside the "type" for the field.
2025-07-02 12:21:33.747 [FxRateProcessor-pekko.actor.default-dispatcher-39] DEBUG c.e.pekko.FxRateStreamProcessor - Received FxRate: 247566c0-9aca-4d29-89dd-631119ff532a USD -> EUR at rate 0.85
2025-07-02 12:21:33.751 [ForkJoinPool.commonPool-worker-3] DEBUG com.example.pekko.RedisPublisher - Published FxRate to Redis: fx_rate:USD_EUR = {"id":"247566c0-9aca-4d29-89dd-631119ff532a","fromCurrency":"USD","toCurrency":"EUR","rate":0.85,"timestamp":1751451693397,"source":"TestSource"}
2025-07-02 12:21:33.753 [FxRateProcessor-pekko.actor.default-dispatcher-17] DEBUG com.example.pekko.FxRateStorage - Stored FxRate: USD_EUR = {"id":"247566c0-9aca-4d29-89dd-631119ff532a","fromCurrency":"USD","toCurrency":"EUR","rate":0.85,"timestamp":1751451693397,"source":"TestSource"}
2025-07-02 12:21:33.754 [FxRateProcessor-pekko.actor.default-dispatcher-17] DEBUG com.example.pekko.FxRateStorage - Notified subscriber about FX rate update: USD_EUR
2025-07-02 12:21:33.754 [ForkJoinPool.commonPool-worker-3] DEBUG c.e.pekko.FxRateStreamProcessor - Stored FxRate in ORMultiMap and Redis: 247566c0-9aca-4d29-89dd-631119ff532a
2025-07-02 18:58:07.748 [Thread-2] INFO  com.example.pekko.App - Shutting down application
2025-07-02 18:58:07.754 [FxRateProcessor-pekko.actor.default-dispatcher-37] INFO  o.a.pekko.actor.CoordinatedShutdown - Running CoordinatedShutdown with reason [JvmExitReason]
2025-07-02 18:58:07.757 [ForkJoinPool.commonPool-worker-4] INFO  com.example.pekko.FxRateHttpServer - FxRate HTTP server stopped
2025-07-02 18:58:07.757 [Thread-2] INFO  com.example.pekko.FxRateGrpcServer - gRPC server stopped
2025-07-02 18:58:07.762 [FxRateProcessor-pekko.actor.default-dispatcher-37] INFO  org.apache.pekko.cluster.Cluster - Cluster Node [pekko://FxRateProcessor@127.0.0.1:25520] - Marked address [pekko://FxRateProcessor@127.0.0.1:25520] as [Leaving]
2025-07-02 18:58:07.767 [Thread-2] INFO  com.example.pekko.RedisPublisher - RedisPublisher closed successfully
2025-07-02 18:58:08.438 [FxRateProcessor-pekko.actor.default-dispatcher-37] INFO  org.apache.pekko.cluster.Cluster - Cluster Node [pekko://FxRateProcessor@127.0.0.1:25520] - Leader is moving node [pekko://FxRateProcessor@127.0.0.1:25520] to [Exiting]
2025-07-02 18:58:08.441 [FxRateProcessor-pekko.actor.default-dispatcher-37] INFO  org.apache.pekko.cluster.Cluster - Cluster Node [pekko://FxRateProcessor@127.0.0.1:25520] - Exiting completed
2025-07-02 18:58:08.441 [FxRateProcessor-pekko.actor.default-dispatcher-37] INFO  org.apache.pekko.cluster.Cluster - Cluster Node [pekko://FxRateProcessor@127.0.0.1:25520] - Shutting down...
2025-07-02 18:58:08.441 [FxRateProcessor-pekko.actor.default-dispatcher-37] INFO  org.apache.pekko.cluster.Cluster - Cluster Node [pekko://FxRateProcessor@127.0.0.1:25520] - Successfully shut down
2025-07-02 18:58:08.452 [FxRateProcessor-pekko.actor.default-dispatcher-17] INFO  o.a.p.r.RemoteActorRefProvider$RemotingTerminator - Shutting down remote daemon.
2025-07-02 18:58:08.453 [FxRateProcessor-pekko.actor.default-dispatcher-17] INFO  o.a.p.r.RemoteActorRefProvider$RemotingTerminator - Remote daemon shut down; proceeding with flushing remote transports.
2025-07-02 18:58:08.460 [FxRateProcessor-pekko.actor.default-dispatcher-17] INFO  o.a.p.r.RemoteActorRefProvider$RemotingTerminator - Remoting shut down.
2025-07-02 18:58:08.462 [ForkJoinPool.commonPool-worker-4] ERROR com.example.pekko.App - Stream processing failed
org.apache.pekko.stream.AbruptStageTerminationException: GraphStage [org.apache.pekko.stream.impl.fusing.GraphStages$IgnoreSink$$anon$10-ignoreSink] terminated abruptly, caused by for example materializer or actor system termination.
2025-07-02 20:18:34.481 [main] INFO  com.example.pekko.App - Starting FxRate Kafka to Redis/ORMultiMap streaming application with HTTP server
2025-07-02 20:18:34.748 [FxRateProcessor-pekko.actor.default-dispatcher-3] INFO  o.a.pekko.event.slf4j.Slf4jLogger - Slf4jLogger started
2025-07-02 20:18:34.902 [FxRateProcessor-pekko.actor.default-dispatcher-3] INFO  o.a.p.remote.artery.ArteryTransport - Remoting started with transport [Artery tcp]; listening on address [pekko://FxRateProcessor@127.0.0.1:25520] with UID [-6474613775032767312]
2025-07-02 20:18:34.908 [FxRateProcessor-pekko.actor.default-dispatcher-3] INFO  org.apache.pekko.cluster.Cluster - Cluster Node [pekko://FxRateProcessor@127.0.0.1:25520] - Starting up, Pekko version [1.1.4] ...
2025-07-02 20:18:34.951 [FxRateProcessor-pekko.actor.default-dispatcher-3] INFO  org.apache.pekko.cluster.Cluster - Cluster Node [pekko://FxRateProcessor@127.0.0.1:25520] - Registered cluster JMX MBean [pekko:type=Cluster]
2025-07-02 20:18:34.952 [FxRateProcessor-pekko.actor.default-dispatcher-3] INFO  org.apache.pekko.cluster.Cluster - Cluster Node [pekko://FxRateProcessor@127.0.0.1:25520] - Started up successfully
2025-07-02 20:18:34.966 [FxRateProcessor-pekko.actor.default-dispatcher-3] INFO  org.apache.pekko.cluster.Cluster - Cluster Node [pekko://FxRateProcessor@127.0.0.1:25520] - No downing-provider-class configured, manual cluster downing required, see https://pekko.apache.org/docs/pekko/current/typed/cluster.html#downing
2025-07-02 20:18:34.972 [FxRateProcessor-pekko.actor.default-dispatcher-3] INFO  org.apache.pekko.cluster.Cluster - Cluster Node [pekko://FxRateProcessor@127.0.0.1:25520] - Node [pekko://FxRateProcessor@127.0.0.1:25520] is JOINING itself (with roles [dc-default], version [0.0.0]) and forming new cluster
2025-07-02 20:18:34.972 [FxRateProcessor-pekko.actor.default-dispatcher-3] INFO  org.apache.pekko.cluster.Cluster - Cluster Node [pekko://FxRateProcessor@127.0.0.1:25520] - is the new leader among reachable nodes (more leaders may exist)
2025-07-02 20:18:34.976 [FxRateProcessor-pekko.actor.default-dispatcher-3] INFO  org.apache.pekko.cluster.Cluster - Cluster Node [pekko://FxRateProcessor@127.0.0.1:25520] - Leader is moving node [pekko://FxRateProcessor@127.0.0.1:25520] to [Up]
2025-07-02 20:18:35.414 [main] INFO  com.example.pekko.App - Rehydrated 0 FX rates from Redis to ORMultiMap
2025-07-02 20:18:35.504 [main] INFO  com.example.pekko.FxRateGrpcServer - gRPC server started, listening on port 50051
2025-07-02 20:18:35.519 [main] INFO  i.c.k.s.KafkaAvroDeserializerConfig - KafkaAvroDeserializerConfig values: 
	auto.register.schemas = true
	avro.reflection.allow.null = false
	avro.use.logical.type.converters = false
	basic.auth.credentials.source = URL
	basic.auth.user.info = [hidden]
	bearer.auth.cache.expiry.buffer.seconds = 300
	bearer.auth.client.id = null
	bearer.auth.client.secret = null
	bearer.auth.credentials.source = STATIC_TOKEN
	bearer.auth.custom.provider.class = null
	bearer.auth.identity.pool.id = null
	bearer.auth.issuer.endpoint.url = null
	bearer.auth.logical.cluster = null
	bearer.auth.scope = null
	bearer.auth.scope.claim.name = scope
	bearer.auth.sub.claim.name = sub
	bearer.auth.token = [hidden]
	context.name.strategy = class io.confluent.kafka.serializers.context.NullContextNameStrategy
	http.connect.timeout.ms = 60000
	http.read.timeout.ms = 60000
	id.compatibility.strict = true
	key.subject.name.strategy = class io.confluent.kafka.serializers.subject.TopicNameStrategy
	latest.cache.size = 1000
	latest.cache.ttl.sec = -1
	latest.compatibility.strict = true
	max.schemas.per.subject = 1000
	normalize.schemas = false
	propagate.schema.tags = false
	proxy.host = 
	proxy.port = -1
	rule.actions = []
	rule.executors = []
	rule.service.loader.enable = true
	schema.format = null
	schema.reflection = false
	schema.registry.basic.auth.user.info = [hidden]
	schema.registry.ssl.cipher.suites = null
	schema.registry.ssl.enabled.protocols = [TLSv1.2, TLSv1.3]
	schema.registry.ssl.endpoint.identification.algorithm = https
	schema.registry.ssl.engine.factory.class = null
	schema.registry.ssl.key.password = null
	schema.registry.ssl.keymanager.algorithm = SunX509
	schema.registry.ssl.keystore.certificate.chain = null
	schema.registry.ssl.keystore.key = null
	schema.registry.ssl.keystore.location = null
	schema.registry.ssl.keystore.password = null
	schema.registry.ssl.keystore.type = JKS
	schema.registry.ssl.protocol = TLSv1.3
	schema.registry.ssl.provider = null
	schema.registry.ssl.secure.random.implementation = null
	schema.registry.ssl.trustmanager.algorithm = PKIX
	schema.registry.ssl.truststore.certificates = null
	schema.registry.ssl.truststore.location = null
	schema.registry.ssl.truststore.password = null
	schema.registry.ssl.truststore.type = JKS
	schema.registry.url = [http://localhost:8081]
	specific.avro.key.type = null
	specific.avro.reader = true
	specific.avro.value.type = null
	use.latest.version = false
	use.latest.with.metadata = null
	use.schema.id = -1
	value.subject.name.strategy = class io.confluent.kafka.serializers.subject.TopicNameStrategy

2025-07-02 20:18:35.519 [main] INFO  i.c.k.s.KafkaAvroDeserializerConfig - KafkaAvroDeserializerConfig values: 
	auto.register.schemas = true
	avro.reflection.allow.null = false
	avro.use.logical.type.converters = false
	basic.auth.credentials.source = URL
	basic.auth.user.info = [hidden]
	bearer.auth.cache.expiry.buffer.seconds = 300
	bearer.auth.client.id = null
	bearer.auth.client.secret = null
	bearer.auth.credentials.source = STATIC_TOKEN
	bearer.auth.custom.provider.class = null
	bearer.auth.identity.pool.id = null
	bearer.auth.issuer.endpoint.url = null
	bearer.auth.logical.cluster = null
	bearer.auth.scope = null
	bearer.auth.scope.claim.name = scope
	bearer.auth.sub.claim.name = sub
	bearer.auth.token = [hidden]
	context.name.strategy = class io.confluent.kafka.serializers.context.NullContextNameStrategy
	http.connect.timeout.ms = 60000
	http.read.timeout.ms = 60000
	id.compatibility.strict = true
	key.subject.name.strategy = class io.confluent.kafka.serializers.subject.TopicNameStrategy
	latest.cache.size = 1000
	latest.cache.ttl.sec = -1
	latest.compatibility.strict = true
	max.schemas.per.subject = 1000
	normalize.schemas = false
	propagate.schema.tags = false
	proxy.host = 
	proxy.port = -1
	rule.actions = []
	rule.executors = []
	rule.service.loader.enable = true
	schema.format = null
	schema.reflection = false
	schema.registry.basic.auth.user.info = [hidden]
	schema.registry.ssl.cipher.suites = null
	schema.registry.ssl.enabled.protocols = [TLSv1.2, TLSv1.3]
	schema.registry.ssl.endpoint.identification.algorithm = https
	schema.registry.ssl.engine.factory.class = null
	schema.registry.ssl.key.password = null
	schema.registry.ssl.keymanager.algorithm = SunX509
	schema.registry.ssl.keystore.certificate.chain = null
	schema.registry.ssl.keystore.key = null
	schema.registry.ssl.keystore.location = null
	schema.registry.ssl.keystore.password = null
	schema.registry.ssl.keystore.type = JKS
	schema.registry.ssl.protocol = TLSv1.3
	schema.registry.ssl.provider = null
	schema.registry.ssl.secure.random.implementation = null
	schema.registry.ssl.trustmanager.algorithm = PKIX
	schema.registry.ssl.truststore.certificates = null
	schema.registry.ssl.truststore.location = null
	schema.registry.ssl.truststore.password = null
	schema.registry.ssl.truststore.type = JKS
	schema.registry.url = [http://localhost:8081]
	specific.avro.key.type = null
	specific.avro.reader = true
	specific.avro.value.type = null
	use.latest.version = false
	use.latest.with.metadata = null
	use.schema.id = -1
	value.subject.name.strategy = class io.confluent.kafka.serializers.subject.TopicNameStrategy

2025-07-02 20:18:35.580 [main] INFO  c.e.pekko.FxRateStreamProcessor - Starting FxRate stream processing from Kafka topic 'fx-rates'
2025-07-02 20:18:35.595 [main] INFO  com.example.pekko.App - FxRate application started successfully
2025-07-02 20:18:35.595 [main] INFO  com.example.pekko.App - gRPC streaming endpoint available at port 50051
2025-07-02 20:18:35.595 [main] INFO  com.example.pekko.App - Using Pekko distributed data ORMultiMap for storage
2025-07-02 20:18:35.596 [FxRateProcessor-pekko.actor.default-dispatcher-5] INFO  o.a.p.k.internal.SingleSourceLogic - [56c7d] Starting. StageActor Actor[pekko://FxRateProcessor/system/Materializers/StreamSupervisor-0/$$a#-965187956]
2025-07-02 20:20:16.700 [grpc-default-executor-0] INFO  com.example.pekko.FxRateGrpcServer - gRPC client subscribed to FX rate updates
2025-07-02 20:56:44.764 [Thread-2] INFO  com.example.pekko.App - Shutting down application
2025-07-02 20:56:44.768 [FxRateProcessor-pekko.actor.default-dispatcher-5] INFO  o.a.pekko.actor.CoordinatedShutdown - Running CoordinatedShutdown with reason [JvmExitReason]
2025-07-02 20:56:44.770 [Thread-2] INFO  com.example.pekko.FxRateGrpcServer - gRPC server stopped
2025-07-02 20:56:44.774 [FxRateProcessor-pekko.actor.default-dispatcher-5] INFO  org.apache.pekko.cluster.Cluster - Cluster Node [pekko://FxRateProcessor@127.0.0.1:25520] - Marked address [pekko://FxRateProcessor@127.0.0.1:25520] as [Leaving]
2025-07-02 20:56:44.782 [Thread-2] INFO  com.example.pekko.RedisPublisher - RedisPublisher closed successfully
2025-07-02 20:56:45.787 [FxRateProcessor-pekko.actor.default-dispatcher-5] INFO  org.apache.pekko.cluster.Cluster - Cluster Node [pekko://FxRateProcessor@127.0.0.1:25520] - Leader is moving node [pekko://FxRateProcessor@127.0.0.1:25520] to [Exiting]
2025-07-02 20:56:45.791 [FxRateProcessor-pekko.actor.default-dispatcher-5] INFO  org.apache.pekko.cluster.Cluster - Cluster Node [pekko://FxRateProcessor@127.0.0.1:25520] - Exiting completed
2025-07-02 20:56:45.792 [FxRateProcessor-pekko.actor.default-dispatcher-5] INFO  org.apache.pekko.cluster.Cluster - Cluster Node [pekko://FxRateProcessor@127.0.0.1:25520] - Shutting down...
2025-07-02 20:56:45.793 [FxRateProcessor-pekko.actor.default-dispatcher-5] INFO  org.apache.pekko.cluster.Cluster - Cluster Node [pekko://FxRateProcessor@127.0.0.1:25520] - Successfully shut down
2025-07-02 20:56:45.802 [FxRateProcessor-pekko.actor.default-dispatcher-3] INFO  o.a.p.r.RemoteActorRefProvider$RemotingTerminator - Shutting down remote daemon.
2025-07-02 20:56:45.802 [FxRateProcessor-pekko.actor.default-dispatcher-3] INFO  o.a.p.r.RemoteActorRefProvider$RemotingTerminator - Remote daemon shut down; proceeding with flushing remote transports.
2025-07-02 20:56:45.811 [FxRateProcessor-pekko.actor.default-dispatcher-3] INFO  o.a.p.r.RemoteActorRefProvider$RemotingTerminator - Remoting shut down.
2025-07-02 20:56:45.813 [ForkJoinPool.commonPool-worker-4] ERROR com.example.pekko.App - Stream processing failed
org.apache.pekko.stream.AbruptStageTerminationException: GraphStage [org.apache.pekko.stream.impl.fusing.GraphStages$IgnoreSink$$anon$10-ignoreSink] terminated abruptly, caused by for example materializer or actor system termination.
